<?xml version="1.0" encoding="UTF-8"?>
<testsuite name="TestSuite" time="60.973" tests="18" errors="0" skipped="0" failures="0">
  <properties>
    <property name="java.runtime.name" value="Java(TM) SE Runtime Environment"/>
    <property name="sun.boot.library.path" value="C:\Program Files\Java\jdk1.8.0_131\jre\bin"/>
    <property name="java.vm.version" value="25.161-b12"/>
    <property name="java.vm.vendor" value="Oracle Corporation"/>
    <property name="maven.multiModuleProjectDirectory" value="E:\RBC_Automation"/>
    <property name="java.vendor.url" value="http://java.oracle.com/"/>
    <property name="path.separator" value=";"/>
    <property name="guice.disable.misplaced.annotation.check" value="true"/>
    <property name="java.vm.name" value="Java HotSpot(TM) 64-Bit Server VM"/>
    <property name="file.encoding.pkg" value="sun.io"/>
    <property name="user.script" value=""/>
    <property name="user.country" value="US"/>
    <property name="sun.java.launcher" value="SUN_STANDARD"/>
    <property name="sun.os.patch.level" value=""/>
    <property name="java.vm.specification.name" value="Java Virtual Machine Specification"/>
    <property name="user.dir" value="E:\RBC_Automation"/>
    <property name="java.runtime.version" value="1.8.0_161-b12"/>
    <property name="java.awt.graphicsenv" value="sun.awt.Win32GraphicsEnvironment"/>
    <property name="java.endorsed.dirs" value="C:\Program Files\Java\jdk1.8.0_131\jre\lib\endorsed"/>
    <property name="os.arch" value="amd64"/>
    <property name="java.io.tmpdir" value="C:\Users\sreer\AppData\Local\Temp\"/>
    <property name="line.separator" value="&#10;"/>
    <property name="java.vm.specification.vendor" value="Oracle Corporation"/>
    <property name="user.variant" value=""/>
    <property name="os.name" value="Windows 10"/>
    <property name="classworlds.conf" value="E:\Selenium\apache-maven-3.5.0-bin\apache-maven-3.5.0\bin\..\bin\m2.conf"/>
    <property name="sun.jnu.encoding" value="Cp1252"/>
    <property name="java.library.path" value="C:\Program Files\Java\jdk1.8.0_131\bin;C:\WINDOWS\Sun\Java\bin;C:\WINDOWS\system32;C:\WINDOWS;C:\ProgramData\Oracle\Java\javapath;C:\WINDOWS\system32;C:\WINDOWS;C:\WINDOWS\System32\Wbem;C:\WINDOWS\System32\WindowsPowerShell\v1.0\;C:\Program Files (x86)\Skype\Phone\;C:\Program Files (x86)\Common Files\lenovo\easyplussdk\bin;C:\Program Files\Microsoft SQL Server\130\Tools\Binn\;C:\Program Files\Microsoft SQL Server\110\Tools\Binn\;C:\Program Files\Microsoft SQL Server\120\Tools\Binn\;C:\Program Files\dotnet\;C:\Program Files\Intel\WiFi\bin\;C:\Program Files\Common Files\Intel\WirelessCommon\;C:\Program Files\Microsoft SQL Server\Client SDK\ODBC\110\Tools\Binn\;C:\Program Files (x86)\Microsoft SQL Server\120\Tools\Binn\ManagementStudio\;C:\Program Files (x86)\Microsoft SQL Server\120\Tools\Binn\;C:\Program Files (x86)\Microsoft SQL Server\120\DTS\Binn\;C:\Program Files\Microsoft SQL Server\120\DTS\Binn\;c:\Program Files (x86)\Microsoft SQL Server\100\Tools\Binn\;c:\Program Files\Microsoft SQL Server\100\Tools\Binn\;c:\Program Files\Microsoft SQL Server\100\DTS\Binn\;E:\Python;C:\Users\sreer\AppData\Local\Android;%ANDROID_HOME%\platform-tools;C:\Program Files\PuTTY\;C:\Program Files\Git\cmd;C:\WINDOWS\System32\OpenSSH\;C:\Program Files\nodejs\;C:\Users\sreer\AppData\Local\Microsoft\WindowsApps;C:\Program Files (x86)\Microsoft VS Code\bin;E:\Selenium\apache-maven-3.5.0-bin\apache-maven-3.5.0\bin;C:\Program Files\Java\jdk1.6.0_27\bin;C:\Users\sreer\AppData\Roaming\npm;C:\Users\sreer\AppData\Local\Programs\Microsoft VS Code\bin;C:\Users\sreer\.dotnet\tools;."/>
    <property name="maven.conf" value="E:\Selenium\apache-maven-3.5.0-bin\apache-maven-3.5.0\bin\../conf"/>
    <property name="java.specification.name" value="Java Platform API Specification"/>
    <property name="java.class.version" value="52.0"/>
    <property name="sun.management.compiler" value="HotSpot 64-Bit Tiered Compilers"/>
    <property name="os.version" value="10.0"/>
    <property name="library.jansi.path" value="E:\Selenium\apache-maven-3.5.0-bin\apache-maven-3.5.0\bin\..\lib\jansi-native\windows64"/>
    <property name="user.home" value="C:\Users\sreer"/>
    <property name="user.timezone" value="America/New_York"/>
    <property name="java.awt.printerjob" value="sun.awt.windows.WPrinterJob"/>
    <property name="java.specification.version" value="1.8"/>
    <property name="file.encoding" value="Cp1252"/>
    <property name="user.name" value="sreer"/>
    <property name="java.class.path" value="E:\Selenium\apache-maven-3.5.0-bin\apache-maven-3.5.0\bin\..\boot\plexus-classworlds-2.5.2.jar"/>
    <property name="java.vm.specification.version" value="1.8"/>
    <property name="sun.arch.data.model" value="64"/>
    <property name="java.home" value="C:\Program Files\Java\jdk1.8.0_131\jre"/>
    <property name="sun.java.command" value="org.codehaus.plexus.classworlds.launcher.Launcher integration-test"/>
    <property name="java.specification.vendor" value="Oracle Corporation"/>
    <property name="user.language" value="en"/>
    <property name="awt.toolkit" value="sun.awt.windows.WToolkit"/>
    <property name="java.vm.info" value="mixed mode"/>
    <property name="java.version" value="1.8.0_161"/>
    <property name="java.ext.dirs" value="C:\Program Files\Java\jdk1.8.0_131\jre\lib\ext;C:\WINDOWS\Sun\Java\lib\ext"/>
    <property name="sun.boot.class.path" value="C:\Program Files\Java\jdk1.8.0_131\jre\lib\resources.jar;C:\Program Files\Java\jdk1.8.0_131\jre\lib\rt.jar;C:\Program Files\Java\jdk1.8.0_131\jre\lib\sunrsasign.jar;C:\Program Files\Java\jdk1.8.0_131\jre\lib\jsse.jar;C:\Program Files\Java\jdk1.8.0_131\jre\lib\jce.jar;C:\Program Files\Java\jdk1.8.0_131\jre\lib\charsets.jar;C:\Program Files\Java\jdk1.8.0_131\jre\lib\jfr.jar;C:\Program Files\Java\jdk1.8.0_131\jre\classes"/>
    <property name="sun.stderr.encoding" value="cp437"/>
    <property name="java.vendor" value="Oracle Corporation"/>
    <property name="maven.home" value="E:\Selenium\apache-maven-3.5.0-bin\apache-maven-3.5.0\bin\.."/>
    <property name="file.separator" value="\"/>
    <property name="java.vendor.url.bug" value="http://bugreport.sun.com/bugreport/"/>
    <property name="sun.cpu.endian" value="little"/>
    <property name="sun.io.unicode.encoding" value="UnicodeLittle"/>
    <property name="sun.stdout.encoding" value="cp437"/>
    <property name="sun.desktop" value="windows"/>
    <property name="sun.cpu.isalist" value="amd64"/>
  </properties>
  <testcase name="Positive_ValidValues" classname="com.test.TestSuite.TC01_Positive_ValidValues" time="3.437"/>
  <testcase name="Negative_FirstNameNull" classname="com.test.TestSuite.TC02_Negative_FirstNameNull" time="3.433"/>
  <testcase name="Negative_FirstNameSpaces" classname="com.test.TestSuite.TC03_Negative_FirstNameSpaces" time="3.19"/>
  <testcase name="Negative_LastNameNull" classname="com.test.TestSuite.TC04_Negative_LastNameNull" time="3.096"/>
  <testcase name="Negative_LastNameSpaces" classname="com.test.TestSuite.TC05_Negative_LastNameSpaces" time="3.157"/>
  <testcase name="Negative_PhoneNull" classname="com.test.TestSuite.TC06_Negative_PhoneNull" time="3.836"/>
  <testcase name="Negative_PhoneSpaces" classname="com.test.TestSuite.TC07_Negative_PhoneSpaces" time="3.03"/>
  <testcase name="Negative_FirstNamewithNonCharacters" classname="com.test.TestSuite.TC08_Negative_FirstNamewithNonCharacters" time="4.872"/>
  <testcase name="Negative_LastNamewithNonCharacters" classname="com.test.TestSuite.TC09_Negative_LastNamewithNonCharacters" time="3.081"/>
  <testcase name="Negative_FirstNameLengthMore" classname="com.test.TestSuite.TC10_Negative_FirstNameLengthMore" time="3.622"/>
  <testcase name="Negative_LastNameLengthMore" classname="com.test.TestSuite.TC11_Negative_LastNameLengthMore" time="3.463"/>
  <testcase name="Negative_PhoneNumberMorelength" classname="com.test.TestSuite.TC12_Negative_PhoneNumberMorelength" time="3.157"/>
  <testcase name="Positive_ValidPhoneNumberwithNonNumeric_01" classname="com.test.TestSuite.TC13_Positive_ValidPhoneNumberwithNonNumeric_01" time="3.201"/>
  <testcase name="Positive_ValidPhoneNumberwithNonNumeric_02" classname="com.test.TestSuite.TC14_Positive_ValidPhoneNumberwithNonNumeric_02" time="3.671"/>
  <testcase name="Positive_ValidPhoneNumberwithNonNumeric_03" classname="com.test.TestSuite.TC15_Positive_ValidPhoneNumberwithNonNumeric_03" time="3.303"/>
  <testcase name="Positive_ValidPhoneNumberwithNonNumeric_04" classname="com.test.TestSuite.TC16_Positive_ValidPhoneNumberwithNonNumeric_04" time="3.17"/>
  <testcase name="Positive_ValidPhoneNumberwithNonNumeric_05" classname="com.test.TestSuite.TC17_Positive_ValidPhoneNumberwithNonNumeric_05" time="3.158"/>
  <testcase name="Negative_InvalidPhoneNumberwithCharacter" classname="com.test.TestSuite.TC18_Negative_InvalidPhoneNumberwithCharacter" time="3.096"/>
</testsuite>