<?xml version="1.0" encoding="UTF-8"?>
<!-- Generated by org.testng.reporters.JUnitReportReporter -->
<testsuite skipped="0" hostname="LAPTOP-8DL17R1M" name="com.test.TestSuite.TC01_MagicMouse_Validation" tests="1" failures="0" timestamp="07 Nov 2018 23:11:48 GMT" time="49.845" errors="0">
  <testcase name="Validate_MagicMouse" time="49.845" classname="com.test.TestSuite.TC01_MagicMouse_Validation"/>
</testsuite> <!-- com.test.TestSuite.TC01_MagicMouse_Validation -->
