<?xml version="1.0" encoding="UTF-8"?>
<!-- Generated by org.testng.reporters.JUnitReportReporter -->
<testsuite skipped="0" hostname="LAPTOP-8DL17R1M" name="com.test.TestSuite.TC02_Negative_FirstNameNull" tests="1" failures="0" timestamp="04 Nov 2018 02:31:12 GMT" time="10.503" errors="0">
  <testcase name="Negative_FirstNameNull" time="10.503" classname="com.test.TestSuite.TC02_Negative_FirstNameNull"/>
</testsuite> <!-- com.test.TestSuite.TC02_Negative_FirstNameNull -->
