<?xml version="1.0" encoding="UTF-8"?>
<!-- Generated by org.testng.reporters.JUnitReportReporter -->
<testsuite skipped="0" hostname="LAPTOP-8DL17R1M" name="com.test.TestSuite.TC01_Positive_ValidValues" tests="1" failures="0" timestamp="06 Nov 2018 05:15:22 GMT" time="38.121" errors="0">
  <testcase name="Positive_ValidValues" time="38.121" classname="com.test.TestSuite.TC01_Positive_ValidValues"/>
</testsuite> <!-- com.test.TestSuite.TC01_Positive_ValidValues -->
