<?xml version="1.0" encoding="UTF-8"?>
<!-- Generated by org.testng.reporters.JUnitReportReporter -->
<testsuite skipped="0" hostname="LAPTOP-8DL17R1M" name="com.test.TestSuite.TC07_Negative_PhoneSpaces" tests="1" failures="0" timestamp="03 Nov 2018 14:47:50 GMT" time="6.839" errors="0">
  <testcase name="Negative_PhoneSpaces" time="6.839" classname="com.test.TestSuite.TC07_Negative_PhoneSpaces"/>
</testsuite> <!-- com.test.TestSuite.TC07_Negative_PhoneSpaces -->
