<?xml version="1.0" encoding="UTF-8"?>
<!-- Generated by org.testng.reporters.JUnitReportReporter -->
<testsuite skipped="0" hostname="LAPTOP-8DL17R1M" name="com.test.TestSuite.TC09_Negative_LastNamewithNonCharacters" tests="1" failures="0" timestamp="03 Nov 2018 14:47:50 GMT" time="7.731" errors="0">
  <testcase name="Negative_LastNamewithNonCharacters" time="7.731" classname="com.test.TestSuite.TC09_Negative_LastNamewithNonCharacters"/>
</testsuite> <!-- com.test.TestSuite.TC09_Negative_LastNamewithNonCharacters -->
