<?xml version="1.0" encoding="UTF-8"?>
<!-- Generated by org.testng.reporters.JUnitReportReporter -->
<testsuite skipped="0" hostname="LAPTOP-8DL17R1M" name="com.test.TestSuite.TC12_Negative_PhoneNumberMorelength" tests="1" failures="0" timestamp="03 Nov 2018 14:47:51 GMT" time="7.277" errors="0">
  <testcase name="Negative_PhoneNumberMorelength" time="7.277" classname="com.test.TestSuite.TC12_Negative_PhoneNumberMorelength"/>
</testsuite> <!-- com.test.TestSuite.TC12_Negative_PhoneNumberMorelength -->
