<?xml version="1.0" encoding="UTF-8"?>
<!-- Generated by org.testng.reporters.JUnitReportReporter -->
<testsuite skipped="0" hostname="LAPTOP-8DL17R1M" name="com.test.TestSuite.TC16_Positive_ValidPhoneNumberwithNonNumeric_04" tests="1" failures="0" timestamp="03 Nov 2018 14:47:51 GMT" time="7.320" errors="0">
  <testcase name="Positive_ValidPhoneNumberwithNonNumeric_04" time="7.320" classname="com.test.TestSuite.TC16_Positive_ValidPhoneNumberwithNonNumeric_04"/>
</testsuite> <!-- com.test.TestSuite.TC16_Positive_ValidPhoneNumberwithNonNumeric_04 -->
