<?xml version="1.0" encoding="UTF-8"?>
<!-- Generated by org.testng.reporters.JUnitReportReporter -->
<testsuite skipped="0" hostname="LAPTOP-8DL17R1M" name="com.test.TestSuite.TC15_Positive_ValidPhoneNumberwithNonNumeric_03" tests="1" failures="0" timestamp="03 Nov 2018 14:47:51 GMT" time="6.963" errors="0">
  <testcase name="Positive_ValidPhoneNumberwithNonNumeric_03" time="6.963" classname="com.test.TestSuite.TC15_Positive_ValidPhoneNumberwithNonNumeric_03"/>
</testsuite> <!-- com.test.TestSuite.TC15_Positive_ValidPhoneNumberwithNonNumeric_03 -->
