<?xml version="1.0" encoding="UTF-8"?>
<!-- Generated by org.testng.reporters.JUnitReportReporter -->
<testsuite skipped="0" hostname="LAPTOP-8DL17R1M" name="com.test.TestSuite.MainPageValidation" tests="1" failures="0" timestamp="06 May 2018 17:36:22 GMT" time="11.944" errors="0">
  <testcase name="TestCase_01" time="11.944" classname="com.test.TestSuite.MainPageValidation"/>
</testsuite> <!-- com.test.TestSuite.MainPageValidation -->
