<?xml version="1.0" encoding="UTF-8"?>
<!-- Generated by org.testng.reporters.JUnitReportReporter -->
<testsuite skipped="0" hostname="LAPTOP-8DL17R1M" name="sreeraj.sreerajvk1.MainPageValidation" tests="1" failures="0" timestamp="06 Feb 2018 05:02:01 GMT" time="8.632" errors="0">
  <testcase name="LoadPage" time="8.632" classname="sreeraj.sreerajvk1.MainPageValidation"/>
</testsuite> <!-- sreeraj.sreerajvk1.MainPageValidation -->
