<?xml version="1.0" encoding="UTF-8"?>
<!-- Generated by org.testng.reporters.JUnitReportReporter -->
<testsuite skipped="0" hostname="LAPTOP-8DL17R1M" name="com.test.TestSuite.TC06_Negative_PhoneNull" tests="1" failures="0" timestamp="03 Nov 2018 14:47:50 GMT" time="8.894" errors="0">
  <testcase name="Negative_PhoneNull" time="8.894" classname="com.test.TestSuite.TC06_Negative_PhoneNull"/>
</testsuite> <!-- com.test.TestSuite.TC06_Negative_PhoneNull -->
